 ================================================
      BVAR with Inpendent Normal-Wishart Prior
 ================================================
 ----                 BVAR-PAC               ----
 ----               orginally by             ----
 ----              M.K. Andersson            ----
 ----             Sveriges Riksbank          ----
 ----              Sune Karlsson             ----
 ----            Orebro University           ----
 ================================================
 ----               modified by              ----
 ----              Shutong Ding              ----
 ----            Orebro University           ----
 ================================================
 Predicted variable                  Y1          
 Minimum dimension of VAR            1
 Maximum dimension of VAR            4
 ================================================
 NUMBER OF ESTIMATED MODELS:          42
 CPU-TIME (IN SECONDS):        417.2403    
 Clock time (seconds):         104.6420    
 ================================================
 Serial length T,adjusted for lags   100
 Number of modelled variables          7
 Number of deterministic variables     0
 Number of lags                        1
 Number of samples (preddist)                 100
 Percent of burn-in                   10
 Predictive likelihood evaluated using BEFORE RAO  
   Evaluated at horizon(s)    1
   and   2 forecast origins
 Total number Monte Carlo rep:s                 5
 ================================================
   
 ======================================================
 Predictive weights and marginal weights for variables
 ======================================================
 Predictive                      Marginal
 Y2          max(x_i)  Y2/max(x_i)  Y2          max(x_i)   Y2/max(x_i)
  0.21325  0.20222  1.05453  0.70748  0.19832  3.56737
  0.41118  0.39910  1.03028  0.86679  0.40704  2.12953
  0.21277  0.20219  1.05233  0.63136  0.15222  4.14768
  0.40869  0.39507  1.03449  0.79979  0.31630  2.52855
 ==================================================================
   
 ======================================================
 Predictive weights and marginal weights for dimensions
 ======================================================
 Predictive              Marginal
 1   2   3   4   1   2   3   4   
  0.26370  0.39788  0.25266  0.08576  0.16964  0.41670  0.31356  0.10010
  0.02329  0.14029  0.35538  0.48104  0.02227  0.16427  0.38728  0.42619
  0.26245  0.40117  0.25233  0.08405  0.25487  0.38324  0.27132  0.09058
  0.02344  0.14269  0.35800  0.47587  0.05864  0.22051  0.37719  0.34366
 ===================================================================
   
 ==================================================================== 
 Averaged posterior probability and propotion selected for true model
 =====================================================================
 Predictive          Marginal
 Weighted  Selected  Weighted  Selected  
    0.075    0.000    0.320    0.600
    0.026    0.000    0.117    0.200
    0.076    0.000    0.287    0.400
    0.027    0.000    0.141    0.200
 ===================================================
  
 ==================================================================== 
   For the true lag length p           1
 =====================================================================
  
 ==================================================================== 
 RMSE and SE(RMSE) using predictive weights and marginal weights
 =====================================================================
  
 ===============================================================================
 =====================================================
  
     FOR the variable inclusion probability =   0.200000000000000     
  
            MSE           
  Hor      BMA(p)     BMA(m)     TOP(p)      TOP(m)    AR(p)      AR(m)
   1     0.993    0.836    1.154    1.018    1.038    1.038
   2     3.488    3.623    3.558    3.987    3.977    3.977
   3     1.754    2.011    1.719    2.134    1.925    1.925
   4     0.794    0.983    0.779    0.999    0.883    0.883
   5     0.191    0.169    0.219    0.157    0.210    0.210
   6     0.299    0.362    0.255    0.362    0.245    0.245
   7     1.707    1.755    1.657    1.839    1.731    1.731
   8     3.599    3.610    3.583    3.696    3.628    3.628
   9     2.321    2.315    2.327    2.338    2.369    2.369
  10     2.071    2.074    2.106    2.071    2.050    2.050
  11     1.607    1.647    1.584    1.695    1.573    1.573
  12     1.141    1.147    1.162    1.142    1.075    1.075
 ===============================================================================
 =====================================================
  
  
          se(MSE)           
  Hor      BMA(p)     BMA(m)     TOP(p)      TOP(m)    AR(p)      AR(m)
   1     1.216    1.068    1.282    1.375    1.328    1.328
   2     4.093    3.470    4.386    4.043    4.751    4.751
   3     1.518    1.412    1.655    1.422    1.909    1.909
   4     0.803    0.758    0.844    0.746    0.810    0.810
   5     0.215    0.248    0.229    0.260    0.254    0.254
   6     0.396    0.443    0.357    0.403    0.290    0.290
   7     1.783    1.738    1.788    1.790    1.925    1.925
   8     3.732    3.797    3.670    3.857    3.748    3.748
   9     3.378    3.432    3.323    3.517    3.455    3.455
  10     2.271    2.309    2.284    2.286    2.132    2.132
  11     1.352    1.382    1.347    1.374    1.270    1.270
  12     2.083    2.113    2.091    2.099    1.959    1.959
 ===============================================================================
 =====================================================
  
 ===============================================================================
 =====================================================
  
     FOR the variable inclusion probability =   0.500000000000000     
  
            MSE           
  Hor      BMA(p)     BMA(m)     TOP(p)      TOP(m)    AR(p)      AR(m)
   1     0.899    0.749    0.697    0.671    1.038    1.038
   2     3.432    3.409    3.232    3.099    3.977    3.977
   3     1.778    1.946    1.901    1.905    1.925    1.925
   4     0.810    0.972    1.068    1.044    0.883    0.883
   5     0.179    0.174    0.160    0.197    0.210    0.210
   6     0.321    0.370    0.317    0.408    0.245    0.245
   7     1.722    1.750    1.687    1.754    1.731    1.731
   8     3.592    3.600    3.595    3.585    3.628    3.628
   9     2.313    2.317    2.362    2.308    2.369    2.369
  10     2.054    2.062    2.129    2.060    2.050    2.050
  11     1.604    1.632    1.623    1.632    1.573    1.573
  12     1.128    1.130    1.144    1.127    1.075    1.075
 ===============================================================================
 =====================================================
  
  
          se(MSE)           
  Hor      BMA(p)     BMA(m)     TOP(p)      TOP(m)    AR(p)      AR(m)
   1     1.134    0.916    0.634    0.743    1.328    1.328
   2     3.813    3.183    2.645    2.793    4.751    4.751
   3     1.389    1.379    1.462    1.413    1.909    1.909
   4     0.757    0.771    0.748    0.836    0.810    0.810
   5     0.211    0.239    0.230    0.256    0.254    0.254
   6     0.413    0.463    0.397    0.531    0.290    0.290
   7     1.783    1.748    1.740    1.703    1.925    1.925
   8     3.722    3.789    3.757    3.826    3.748    3.748
   9     3.380    3.435    3.429    3.448    3.455    3.455
  10     2.246    2.278    2.294    2.306    2.132    2.132
  11     1.341    1.366    1.370    1.385    1.270    1.270
  12     2.065    2.088    2.104    2.097    1.959    1.959
 ===============================================================================
 =====================================================
  
  
 ==================================================================== 
   For the larger lag length (p + 1)           2
 =====================================================================
  
 ==================================================================== 
 RMSE and SE(RMSE) using predictive weights and marginal weights
 =====================================================================
  
 ===============================================================================
 =====================================================
  
     FOR the variable inclusion probability =   0.200000000000000     
  
            MSE           
  Hor      BMA(p)     BMA(m)     TOP(p)      TOP(m)    AR(p)      AR(m)
   1     0.885    0.761    1.057    0.989    1.043    1.043
   2     4.015    4.337    4.045    4.891    4.083    4.083
   3     1.970    2.351    1.917    2.632    1.989    1.989
   4     0.846    1.089    0.868    1.189    0.885    0.885
   5     0.179    0.140    0.216    0.155    0.208    0.208
   6     0.280    0.333    0.245    0.357    0.239    0.239
   7     1.767    1.768    1.706    1.756    1.758    1.758
   8     3.675    3.622    3.653    3.584    3.712    3.712
   9     2.363    2.331    2.371    2.293    2.430    2.430
  10     2.025    2.034    2.093    2.054    2.070    2.070
  11     1.564    1.575    1.593    1.604    1.595    1.595
  12     1.077    1.090    1.127    1.132    1.078    1.078
 ===============================================================================
 =====================================================
  
  
          se(MSE)           
  Hor      BMA(p)     BMA(m)     TOP(p)      TOP(m)    AR(p)      AR(m)
   1     1.230    1.024    1.326    1.366    1.334    1.334
   2     4.475    3.754    4.751    4.163    4.887    4.887
   3     1.705    1.575    1.905    1.768    1.998    1.998
   4     0.799    0.673    0.860    0.718    0.819    0.819
   5     0.218    0.237    0.251    0.247    0.257    0.257
   6     0.333    0.356    0.327    0.387    0.281    0.281
   7     1.893    1.812    1.851    1.740    1.942    1.942
   8     3.740    3.700    3.754    3.659    3.846    3.846
   9     3.409    3.379    3.412    3.331    3.526    3.526
  10     2.125    2.155    2.234    2.233    2.155    2.155
  11     1.263    1.277    1.328    1.321    1.293    1.293
  12     1.950    1.974    2.051    2.049    1.973    1.973
 ===============================================================================
 =====================================================
  
 ===============================================================================
 =====================================================
  
     FOR the variable inclusion probability =   0.500000000000000     
  
            MSE           
  Hor      BMA(p)     BMA(m)     TOP(p)      TOP(m)    AR(p)      AR(m)
   1     0.773    0.663    0.600    0.673    1.043    1.043
   2     4.029    4.198    4.308    4.353    4.083    4.083
   3     2.043    2.295    2.343    2.433    1.989    1.989
   4     0.853    1.054    1.207    1.205    0.885    0.885
   5     0.165    0.141    0.120    0.136    0.208    0.208
   6     0.301    0.335    0.386    0.364    0.239    0.239
   7     1.803    1.766    1.812    1.792    1.758    1.758
   8     3.692    3.624    3.635    3.622    3.712    3.712
   9     2.365    2.339    2.351    2.322    2.430    2.430
  10     1.986    2.012    2.034    2.012    2.070    2.070
  11     1.548    1.557    1.582    1.570    1.595    1.595
  12     1.048    1.064    1.059    1.064    1.078    1.078
 ===============================================================================
 =====================================================
  
  
          se(MSE)           
  Hor      BMA(p)     BMA(m)     TOP(p)      TOP(m)    AR(p)      AR(m)
   1     1.109    0.839    0.671    0.692    1.334    1.334
   2     4.210    3.574    3.462    3.417    4.887    4.887
   3     1.542    1.552    1.755    1.775    1.998    1.998
   4     0.749    0.664    0.808    0.742    0.819    0.819
   5     0.212    0.222    0.168    0.211    0.257    0.257
   6     0.338    0.361    0.411    0.382    0.281    0.281
   7     1.931    1.833    1.846    1.799    1.942    1.942
   8     3.730    3.687    3.782    3.682    3.846    3.846
   9     3.408    3.382    3.486    3.383    3.526    3.526
  10     2.055    2.102    2.106    2.106    2.155    2.155
  11     1.226    1.250    1.262    1.246    1.293    1.293
  12     1.893    1.930    1.941    1.922    1.973    1.973
 ===============================================================================
 =====================================================
  
